build/app/intermediates/manifest_merge_blame_file/debug/manifest-merger-blame-debug-report.txt
1<?xml version="1.0" encoding="utf-8"?>
2<manifest xmlns:android="http://schemas.android.com/apk/res/android"
3    package="com.example.projectq_app"
4    android:versionCode="1"
5    android:versionName="1.0.0" >
6
7    <uses-sdk
8        android:minSdkVersion="16"
9        android:targetSdkVersion="28" />
10    <!--
11         Flutter needs it to communicate with the running application
12         to allow setting breakpoints, to provide hot reload, etc.
13    -->
14    <uses-permission android:name="android.permission.INTERNET" />
14-->src/debug/AndroidManifest.xml:6:5-66
14-->src/debug/AndroidManifest.xml:6:22-64
15    <!--
16     io.flutter.app.FlutterApplication is an android.app.Application that
17         calls FlutterMain.startInitialization(this); in its onCreate method.
18         In most cases you can leave this as-is, but you if you want to provide
19         additional functionality it is fine to subclass or reimplement
20         FlutterApplication and put your custom class here.
21    -->
22    <uses-permission android:name="android.permission.CAMERA" />
22-->src/main/AndroidManifest.xml:8:5-65
22-->src/main/AndroidManifest.xml:8:22-62
23
24    <application
24-->src/main/AndroidManifest.xml:10:5-32:19
25        android:name="io.flutter.app.FlutterApplication"
25-->src/main/AndroidManifest.xml:11:9-57
26        android:appComponentFactory="androidx.core.app.CoreComponentFactory"
26-->[androidx.core:core:1.0.1] AndroidManifest.xml:22:18-86
27        android:debuggable="true"
28        android:icon="@mipmap/ic_launcher"
28-->src/main/AndroidManifest.xml:13:9-43
29        android:label="projectq_app" >
29-->src/main/AndroidManifest.xml:12:9-37
30        <activity
30-->src/main/AndroidManifest.xml:14:9-25:20
31            android:name="com.example.projectq_app.MainActivity"
31-->src/main/AndroidManifest.xml:15:13-41
32            android:configChanges="orientation|keyboardHidden|keyboard|screenSize|smallestScreenSize|locale|layoutDirection|fontScale|screenLayout|density|uiMode"
32-->src/main/AndroidManifest.xml:18:13-163
33            android:hardwareAccelerated="true"
33-->src/main/AndroidManifest.xml:19:13-47
34            android:launchMode="singleTop"
34-->src/main/AndroidManifest.xml:16:13-43
35            android:theme="@style/LaunchTheme"
35-->src/main/AndroidManifest.xml:17:13-47
36            android:windowSoftInputMode="adjustResize" >
36-->src/main/AndroidManifest.xml:20:13-55
37            <intent-filter>
37-->src/main/AndroidManifest.xml:21:13-24:29
38                <action android:name="android.intent.action.MAIN" />
38-->src/main/AndroidManifest.xml:22:17-68
38-->src/main/AndroidManifest.xml:22:25-66
39
40                <category android:name="android.intent.category.LAUNCHER" />
40-->src/main/AndroidManifest.xml:23:17-76
40-->src/main/AndroidManifest.xml:23:27-74
41            </intent-filter>
42        </activity>
43        <activity android:name="com.apptreesoftware.barcodescan.BarcodeScannerActivity" />
43-->src/main/AndroidManifest.xml:26:9-90
43-->src/main/AndroidManifest.xml:26:19-88
44        <!--
45             Don't delete the meta-data below.
46             This is used by the Flutter tool to generate GeneratedPluginRegistrant.java
47        -->
48        <meta-data
48-->src/main/AndroidManifest.xml:29:9-31:33
49            android:name="flutterEmbedding"
49-->src/main/AndroidManifest.xml:30:13-44
50            android:value="2" />
50-->src/main/AndroidManifest.xml:31:13-30
51    </application>
52
53</manifest>